2017-11-01 23:06:54 INFO  dd:15 - login name.....
2017-11-01 23:11:23 INFO  Tc_02Links:38 - Print total no of links on the webpage----------------------------------------------------
2017-11-01 23:11:23 INFO  Tc_02Links:40 - 5
2017-11-01 23:11:23 INFO  Tc_02Links:42 - Print Links-----------------------------------------------------------------------------------
2017-11-01 23:11:24 INFO  Tc_02Links:57 - Visiting Each Links------------------------------------------------------------------------
2017-11-01 23:12:53 INFO  Tc_02Links:77 - passs
2017-11-01 23:27:11 INFO  Tc_02Links:38 - Print total no of links on the webpage----------------------------------------------------
2017-11-01 23:27:11 INFO  Tc_02Links:40 - 5
2017-11-01 23:27:11 INFO  Tc_02Links:42 - Print Links-----------------------------------------------------------------------------------
2017-11-01 23:27:11 INFO  Tc_02Links:57 - Visiting Each Links------------------------------------------------------------------------
2017-11-01 23:28:45 INFO  Tc_02Links:77 - passs
2017-11-01 23:30:19 INFO  ContactPage:56 - Filling the details of contact Fields ......
2017-11-01 23:30:34 INFO  Tc_05FilteringAPIs:73 - Pass
2017-11-01 23:30:37 INFO  FAQPage:42 - clicked on FAQ in link...
2017-11-01 23:30:38 INFO  FAQPage:56 - 9
2017-11-01 23:30:38 INFO  FAQPage:61 - What is Evoke?
2017-11-01 23:30:38 INFO  FAQPage:62 - [[FirefoxDriver: firefox on WINDOWS (efc75702-7acd-496a-8d71-6dd619693b3c)] -> xpath: //ul[@class='sidebar-menu']/li]
2017-11-01 23:30:41 INFO  FAQPage:70 - third
2017-11-01 23:30:41 INFO  FAQPage:61 - Who is it for?
2017-11-01 23:30:41 INFO  FAQPage:62 - [[FirefoxDriver: firefox on WINDOWS (efc75702-7acd-496a-8d71-6dd619693b3c)] -> xpath: //ul[@class='sidebar-menu']/li]
2017-11-01 23:30:43 INFO  FAQPage:70 - third
2017-11-01 23:30:43 INFO  FAQPage:61 - Why do I need the APIs?
2017-11-01 23:30:43 INFO  FAQPage:62 - [[FirefoxDriver: firefox on WINDOWS (efc75702-7acd-496a-8d71-6dd619693b3c)] -> xpath: //ul[@class='sidebar-menu']/li]
2017-11-01 23:30:45 INFO  FAQPage:70 - third
2017-11-01 23:30:45 INFO  FAQPage:61 - How do I integrate?
2017-11-01 23:30:45 INFO  FAQPage:62 - [[FirefoxDriver: firefox on WINDOWS (efc75702-7acd-496a-8d71-6dd619693b3c)] -> xpath: //ul[@class='sidebar-menu']/li]
2017-11-01 23:30:48 INFO  FAQPage:70 - third
2017-11-01 23:30:48 INFO  FAQPage:61 - How much does it cost?
2017-11-01 23:30:48 INFO  FAQPage:62 - [[FirefoxDriver: firefox on WINDOWS (efc75702-7acd-496a-8d71-6dd619693b3c)] -> xpath: //ul[@class='sidebar-menu']/li]
2017-11-01 23:30:50 INFO  FAQPage:70 - third
2017-11-01 23:30:50 INFO  FAQPage:61 - Is it secure?
2017-11-01 23:30:50 INFO  FAQPage:62 - [[FirefoxDriver: firefox on WINDOWS (efc75702-7acd-496a-8d71-6dd619693b3c)] -> xpath: //ul[@class='sidebar-menu']/li]
2017-11-01 23:30:53 INFO  FAQPage:70 - third
2017-11-01 23:30:53 INFO  FAQPage:61 - What is your data retention policy?
2017-11-01 23:30:53 INFO  FAQPage:62 - [[FirefoxDriver: firefox on WINDOWS (efc75702-7acd-496a-8d71-6dd619693b3c)] -> xpath: //ul[@class='sidebar-menu']/li]
2017-11-01 23:30:55 INFO  FAQPage:70 - third
2017-11-01 23:30:55 INFO  FAQPage:61 - Where do I get started?
2017-11-01 23:30:55 INFO  FAQPage:62 - [[FirefoxDriver: firefox on WINDOWS (efc75702-7acd-496a-8d71-6dd619693b3c)] -> xpath: //ul[@class='sidebar-menu']/li]
2017-11-01 23:30:58 INFO  FAQPage:70 - third
2017-11-01 23:30:58 INFO  FAQPage:61 - How do I request support?
2017-11-01 23:30:58 INFO  FAQPage:62 - [[FirefoxDriver: firefox on WINDOWS (efc75702-7acd-496a-8d71-6dd619693b3c)] -> xpath: //ul[@class='sidebar-menu']/li]
2017-11-01 23:31:00 INFO  FAQPage:70 - third
2017-11-01 23:31:00 INFO  FAQPage:78 - pass
2017-11-01 23:41:25 INFO  Tc_03ClickAPIs:34 - FailUnable to locate element: {"method":"xpath","selector":"//span[text()='CRILC']"}
Command duration or timeout: 30.14 seconds
For documentation on this error, please visit: http://seleniumhq.org/exceptions/no_such_element.html
Build info: version: '2.53.1', revision: 'a36b8b1cd5757287168e54b817830adce9b0158d', time: '2016-06-30 19:26:09'
System info: host: 'Raghu-PC', ip: '192.168.1.20', os.name: 'Windows 7', os.arch: 'amd64', os.version: '6.1', java.version: '1.8.0_101'
Driver info: org.openqa.selenium.firefox.FirefoxDriver
Capabilities [{applicationCacheEnabled=true, rotatable=false, handlesAlerts=true, databaseEnabled=true, version=46.0, platform=WINDOWS, nativeEvents=false, acceptSslCerts=true, webStorageEnabled=true, locationContextEnabled=true, browserName=firefox, takesScreenshot=true, javascriptEnabled=true, cssSelectorsEnabled=true}]
Session ID: 25e65f5b-32f7-4463-a403-ae18f121dd44
*** Element info: {Using=xpath, value=//span[text()='CRILC']}
2017-11-01 23:44:35 INFO  Tc_03ClickAPIs:34 - FailUnable to locate element: {"method":"xpath","selector":"//span[text()='CRILC']"}
Command duration or timeout: 30.14 seconds
For documentation on this error, please visit: http://seleniumhq.org/exceptions/no_such_element.html
Build info: version: '2.53.1', revision: 'a36b8b1cd5757287168e54b817830adce9b0158d', time: '2016-06-30 19:26:09'
System info: host: 'Raghu-PC', ip: '192.168.1.20', os.name: 'Windows 7', os.arch: 'amd64', os.version: '6.1', java.version: '1.8.0_101'
Driver info: org.openqa.selenium.firefox.FirefoxDriver
Capabilities [{applicationCacheEnabled=true, rotatable=false, handlesAlerts=true, databaseEnabled=true, version=46.0, platform=WINDOWS, nativeEvents=false, acceptSslCerts=true, webStorageEnabled=true, locationContextEnabled=true, browserName=firefox, takesScreenshot=true, javascriptEnabled=true, cssSelectorsEnabled=true}]
Session ID: cb9cb30b-8124-4456-9371-d59cd4b8c43d
*** Element info: {Using=xpath, value=//span[text()='CRILC']}
2017-11-01 23:51:59 INFO  Tc_03ClickAPIs:34 - FailUnable to locate element: {"method":"xpath","selector":"//span[text()='CRILC']"}
Command duration or timeout: 30.15 seconds
For documentation on this error, please visit: http://seleniumhq.org/exceptions/no_such_element.html
Build info: version: '2.53.1', revision: 'a36b8b1cd5757287168e54b817830adce9b0158d', time: '2016-06-30 19:26:09'
System info: host: 'Raghu-PC', ip: '192.168.1.20', os.name: 'Windows 7', os.arch: 'amd64', os.version: '6.1', java.version: '1.8.0_101'
Driver info: org.openqa.selenium.firefox.FirefoxDriver
Capabilities [{applicationCacheEnabled=true, rotatable=false, handlesAlerts=true, databaseEnabled=true, version=46.0, platform=WINDOWS, nativeEvents=false, acceptSslCerts=true, webStorageEnabled=true, locationContextEnabled=true, browserName=firefox, takesScreenshot=true, javascriptEnabled=true, cssSelectorsEnabled=true}]
Session ID: 83f21523-d25d-451d-bd54-801f648421f2
*** Element info: {Using=xpath, value=//span[text()='CRILC']}
2017-11-01 23:57:23 INFO  Tc_03ClickAPIs:34 - FailUnable to locate element: {"method":"xpath","selector":"//span[text()='CRILC']"}
Command duration or timeout: 30.06 seconds
For documentation on this error, please visit: http://seleniumhq.org/exceptions/no_such_element.html
Build info: version: '2.53.1', revision: 'a36b8b1cd5757287168e54b817830adce9b0158d', time: '2016-06-30 19:26:09'
System info: host: 'Raghu-PC', ip: '192.168.1.20', os.name: 'Windows 7', os.arch: 'amd64', os.version: '6.1', java.version: '1.8.0_101'
Driver info: org.openqa.selenium.firefox.FirefoxDriver
Capabilities [{applicationCacheEnabled=true, rotatable=false, handlesAlerts=true, databaseEnabled=true, version=46.0, platform=WINDOWS, nativeEvents=false, acceptSslCerts=true, webStorageEnabled=true, locationContextEnabled=true, browserName=firefox, takesScreenshot=true, javascriptEnabled=true, cssSelectorsEnabled=true}]
Session ID: c668e6d7-4f26-4799-a883-f023b3e8c9d5
*** Element info: {Using=xpath, value=//span[text()='CRILC']}
2017-11-01 23:57:27 INFO  FAQPage:42 - clicked on FAQ in link...
2017-11-01 23:57:27 INFO  FAQPage:56 - 9
2017-11-01 23:57:27 INFO  FAQPage:61 - What is Evoke?
2017-11-01 23:57:27 INFO  FAQPage:62 - [[FirefoxDriver: firefox on WINDOWS (c668e6d7-4f26-4799-a883-f023b3e8c9d5)] -> xpath: //ul[@class='sidebar-menu']/li]
2017-11-01 23:57:30 INFO  FAQPage:70 - third
2017-11-01 23:57:30 INFO  FAQPage:61 - Who is it for?
2017-11-01 23:57:30 INFO  FAQPage:62 - [[FirefoxDriver: firefox on WINDOWS (c668e6d7-4f26-4799-a883-f023b3e8c9d5)] -> xpath: //ul[@class='sidebar-menu']/li]
2017-11-01 23:57:32 INFO  FAQPage:70 - third
2017-11-01 23:57:32 INFO  FAQPage:61 - Why do I need the APIs?
2017-11-01 23:57:32 INFO  FAQPage:62 - [[FirefoxDriver: firefox on WINDOWS (c668e6d7-4f26-4799-a883-f023b3e8c9d5)] -> xpath: //ul[@class='sidebar-menu']/li]
2017-11-01 23:57:35 INFO  FAQPage:70 - third
2017-11-01 23:57:35 INFO  FAQPage:61 - How do I integrate?
2017-11-01 23:57:35 INFO  FAQPage:62 - [[FirefoxDriver: firefox on WINDOWS (c668e6d7-4f26-4799-a883-f023b3e8c9d5)] -> xpath: //ul[@class='sidebar-menu']/li]
2017-11-02 08:10:43 INFO  APIPage:512 - pass
2017-11-02 10:40:21 INFO  Tc_02Links:38 - Print total no of links on the webpage----------------------------------------------------
2017-11-02 10:40:21 INFO  Tc_02Links:40 - 5
2017-11-02 10:40:21 INFO  Tc_02Links:42 - Print Links-----------------------------------------------------------------------------------
2017-11-02 10:40:22 INFO  Tc_02Links:57 - Visiting Each Links------------------------------------------------------------------------
2017-11-02 10:41:22 INFO  Tc_02Links:77 - passs
2017-11-02 10:46:33 INFO  APIPage:512 - pass
2017-11-02 10:46:36 INFO  ContactPage:56 - Filling the details of contact Fields ......
2017-11-02 10:46:51 INFO  Tc_05FilteringAPIs:73 - Pass
2017-11-02 10:46:54 INFO  FAQPage:42 - clicked on FAQ in link...
2017-11-02 10:46:54 INFO  FAQPage:56 - 9
2017-11-02 10:46:55 INFO  FAQPage:61 - What is Evoke?
2017-11-02 10:46:55 INFO  FAQPage:62 - [[FirefoxDriver: firefox on WINDOWS (dfd73f44-0675-46ba-b2a9-49a50fd6e7d1)] -> xpath: //ul[@class='sidebar-menu']/li]
2017-11-02 10:46:57 INFO  FAQPage:70 - third
2017-11-02 10:46:57 INFO  FAQPage:61 - Who is it for?
2017-11-02 10:46:57 INFO  FAQPage:62 - [[FirefoxDriver: firefox on WINDOWS (dfd73f44-0675-46ba-b2a9-49a50fd6e7d1)] -> xpath: //ul[@class='sidebar-menu']/li]
2017-11-02 10:46:59 INFO  FAQPage:70 - third
2017-11-02 10:46:59 INFO  FAQPage:61 - Why do I need the APIs?
2017-11-02 10:46:59 INFO  FAQPage:62 - [[FirefoxDriver: firefox on WINDOWS (dfd73f44-0675-46ba-b2a9-49a50fd6e7d1)] -> xpath: //ul[@class='sidebar-menu']/li]
2017-11-02 10:47:02 INFO  FAQPage:70 - third
2017-11-02 10:47:02 INFO  FAQPage:61 - How do I integrate?
2017-11-02 10:47:02 INFO  FAQPage:62 - [[FirefoxDriver: firefox on WINDOWS (dfd73f44-0675-46ba-b2a9-49a50fd6e7d1)] -> xpath: //ul[@class='sidebar-menu']/li]
2017-11-02 10:47:04 INFO  FAQPage:70 - third
2017-11-02 10:47:04 INFO  FAQPage:61 - How much does it cost?
2017-11-02 10:47:04 INFO  FAQPage:62 - [[FirefoxDriver: firefox on WINDOWS (dfd73f44-0675-46ba-b2a9-49a50fd6e7d1)] -> xpath: //ul[@class='sidebar-menu']/li]
2017-11-02 10:47:07 INFO  FAQPage:70 - third
2017-11-02 10:47:07 INFO  FAQPage:61 - Is it secure?
2017-11-02 10:47:07 INFO  FAQPage:62 - [[FirefoxDriver: firefox on WINDOWS (dfd73f44-0675-46ba-b2a9-49a50fd6e7d1)] -> xpath: //ul[@class='sidebar-menu']/li]
2017-11-02 10:47:09 INFO  FAQPage:70 - third
2017-11-02 10:47:09 INFO  FAQPage:61 - What is your data retention policy?
2017-11-02 10:47:09 INFO  FAQPage:62 - [[FirefoxDriver: firefox on WINDOWS (dfd73f44-0675-46ba-b2a9-49a50fd6e7d1)] -> xpath: //ul[@class='sidebar-menu']/li]
2017-11-02 10:47:12 INFO  FAQPage:70 - third
2017-11-02 10:47:12 INFO  FAQPage:61 - Where do I get started?
2017-11-02 10:47:12 INFO  FAQPage:62 - [[FirefoxDriver: firefox on WINDOWS (dfd73f44-0675-46ba-b2a9-49a50fd6e7d1)] -> xpath: //ul[@class='sidebar-menu']/li]
2017-11-02 10:47:14 INFO  FAQPage:70 - third
2017-11-02 10:47:14 INFO  FAQPage:61 - How do I request support?
2017-11-02 10:47:14 INFO  FAQPage:62 - [[FirefoxDriver: firefox on WINDOWS (dfd73f44-0675-46ba-b2a9-49a50fd6e7d1)] -> xpath: //ul[@class='sidebar-menu']/li]
2017-11-02 10:47:17 INFO  FAQPage:70 - third
2017-11-02 10:47:17 INFO  FAQPage:78 - pass
2017-11-02 14:27:05 INFO  Tc_07Profile:30 - nameraghu
2017-11-02 14:51:49 INFO  Tc_07Profile:31 - name.....raghu
2017-11-02 14:52:48 INFO  Tc_07Profile:31 - name.....raghu
2017-11-02 14:55:40 INFO  Tc_07Profile:31 - name.....raghu
2017-11-03 14:50:21 INFO  HomePage:47 - Clicking the HomePage links ......
2017-11-03 15:34:28 INFO  Tc_09Dashboarddatepicker:28 - pass
2017-11-05 08:56:50 INFO  Tc_09Dashboarddatepicker:28 - pass
2017-11-05 09:18:51 INFO  Today:70 - Today Total TOTAL TRANSACTIONS26
2017-11-05 09:18:55 INFO  Today:102 - Today Total TOTAL TRANSACTIONS Fail
2017-11-05 09:21:05 INFO  Today:70 - Today Total TOTAL TRANSACTIONS....0
2017-11-05 09:21:09 INFO  Today:102 - Today Total TOTAL TRANSACTIONS Fail
2017-11-05 09:26:42 INFO  Today:70 - Today Total TOTAL TRANSACTIONS....0
2017-11-05 09:26:46 INFO  Today:93 - Today Total  Table  TRANSACTIONS....
2017-11-05 09:26:46 INFO  Today:102 - Today Total TOTAL TRANSACTIONS  Should Not  Match  
2017-11-05 09:26:46 INFO  Today:103 - No Data Available For Specified Timeslice or Specified Values
2017-11-05 09:29:28 INFO  Today:70 - Today  TOTAL TRANSACTIONS....0
2017-11-05 09:29:33 INFO  Today:93 - Today Total  Table  TRANSACTIONS....
2017-11-05 09:29:33 INFO  Today:102 - Today Total TOTAL TRANSACTIONS  Should Not  Match  
2017-11-05 09:29:33 INFO  Today:103 - No Data Available For Specified Timeslice or Specified Values
2017-11-05 09:30:54 INFO  Today:70 - Today  TOTAL TRANSACTIONS....0
2017-11-05 09:30:58 INFO  Today:93 - Today Total  Table  TRANSACTIONS....
2017-11-05 09:30:58 INFO  Today:102 - Today Total TOTAL TRANSACTIONS  Should Not  Match  
2017-11-05 09:30:58 INFO  Today:103 - No Data Available For Specified Timeslice or Specified Values
2017-11-05 09:31:08 INFO  Today:117 - pass
2017-11-05 09:38:47 INFO  Dashboardpage:108 - Today  TOTAL TRANSACTIONS....0
2017-11-05 09:38:51 INFO  Dashboardpage:130 - Today Total  Table  TRANSACTIONS....
2017-11-05 09:38:51 INFO  Dashboardpage:139 - Today Total TOTAL TRANSACTIONS  Should Not  Match  
2017-11-05 09:38:51 INFO  Dashboardpage:140 - No Data Available For Specified Timeslice or Specified Values
2017-11-05 09:38:58 INFO  Dashboardpage:72 - Last 7 Days Total TOTAL TRANSACTIONS34
2017-11-05 09:39:04 INFO  Dashboardpage:81 - Month Total TOTAL TRANSACTIONS26
2017-11-05 09:39:11 INFO  Dashboardpage:89 - Last Six Month TOTAL TRANSACTIONS921
2017-11-05 09:39:17 INFO  Dashboardpage:97 - OneYear Total TOTAL TRANSACTIONS1,716
2017-11-05 09:39:17 INFO  Tc_09Dashboarddatepicker:28 - pass
2017-11-05 10:03:07 INFO  Dashboardpage:99 - Last 7 Days Total TOTAL TRANSACTIONS0
2017-11-05 10:03:11 INFO  Dashboardpage:119 - Today Total  Table  TRANSACTIONS....
2017-11-05 10:03:11 INFO  Dashboardpage:126 - Today Total TOTAL TRANSACTIONS  Should Not  Match  
2017-11-05 10:03:11 INFO  Dashboardpage:127 - No Data Available For Specified Timeslice or Specified Values
2017-11-05 10:03:19 INFO  Dashboardpage:138 - Last seven days  TOTAL TRANSACTIONS....34
2017-11-05 10:03:23 INFO  Dashboardpage:158 - Last seven days  Total  Table  TRANSACTIONS....34
2017-11-05 10:03:23 INFO  Dashboardpage:162 - Last seven days  TOTAL TRANSACTIONS  Should Match 
2017-11-05 10:03:32 INFO  Dashboardpage:178 - This month  TOTAL TRANSACTIONS....26
2017-11-05 10:03:36 INFO  Dashboardpage:198 - This month  Total  Table  TRANSACTIONS....26
2017-11-05 10:03:36 INFO  Dashboardpage:202 - This month TOTAL TRANSACTIONS  Should Match 
2017-11-05 10:03:45 INFO  Dashboardpage:178 - This month  TOTAL TRANSACTIONS....921
2017-11-05 10:03:49 INFO  Dashboardpage:198 - This month  Total  Table  TRANSACTIONS....921
2017-11-05 10:03:49 INFO  Dashboardpage:202 - This month TOTAL TRANSACTIONS  Should Match 
2017-11-05 10:03:57 INFO  Dashboardpage:267 - One Year TOTAL TRANSACTIONS....1,716
2017-11-05 10:04:01 INFO  Dashboardpage:287 - One Year  Total  Table  TRANSACTIONS....1,716
2017-11-05 10:04:01 INFO  Dashboardpage:291 - One Year  Total  Table  TRANSACTIONS Should Match 
2017-11-05 10:04:01 INFO  Tc_09Dashboarddatepicker:29 -  selecting Total Trancations SucessFully  
2017-11-05 10:09:46 INFO  Dashboardpage:101 - Last 7 Days Total TOTAL TRANSACTIONS....0
2017-11-05 10:09:51 INFO  Dashboardpage:121 - Today Total  Table  TRANSACTIONS....
2017-11-05 10:09:51 INFO  Dashboardpage:128 - Today Total TOTAL TRANSACTIONS  Should Not  Match  
2017-11-05 10:09:51 INFO  Dashboardpage:129 - No Data Available For Specified Timeslice or Specified Values
2017-11-05 10:09:59 INFO  Dashboardpage:143 - Last seven days  TOTAL TRANSACTIONS....34
2017-11-05 10:10:03 INFO  Dashboardpage:163 - Last seven days  Total  Table  TRANSACTIONS....34
2017-11-05 10:10:03 INFO  Dashboardpage:167 - Last seven days  TOTAL TRANSACTIONS  Should Match 
2017-11-05 10:10:11 INFO  Dashboardpage:183 - This month  TOTAL TRANSACTIONS....26
2017-11-05 10:10:16 INFO  Dashboardpage:203 - This month  Total  Table  TRANSACTIONS....26
2017-11-05 10:10:16 INFO  Dashboardpage:207 - This month TOTAL TRANSACTIONS  Should Match 
2017-11-05 10:10:24 INFO  Dashboardpage:183 - This month  TOTAL TRANSACTIONS....921
2017-11-05 10:10:28 INFO  Dashboardpage:203 - This month  Total  Table  TRANSACTIONS....921
2017-11-05 10:10:28 INFO  Dashboardpage:207 - This month TOTAL TRANSACTIONS  Should Match 
2017-11-05 10:10:36 INFO  Dashboardpage:272 - One Year TOTAL TRANSACTIONS....1,716
2017-11-05 10:10:41 INFO  Dashboardpage:292 - One Year  Total  Table  TRANSACTIONS....1,716
2017-11-05 10:10:41 INFO  Dashboardpage:296 - One Year  Total  Table  TRANSACTIONS Should Match 
2017-11-05 10:10:41 INFO  Tc_09Dashboarddatepicker:29 -  selecting Total Trancations SucessFully  
2017-11-05 10:14:19 INFO  Dashboardpage:101 - Last 7 Days Total TOTAL TRANSACTIONS....0
2017-11-05 10:14:23 INFO  Dashboardpage:121 - Today Total  Table  TRANSACTIONS....
2017-11-05 10:14:23 INFO  Dashboardpage:128 - Today Total TOTAL TRANSACTIONS  Should Not  Match  
2017-11-05 10:14:23 INFO  Dashboardpage:129 - No Data Available For Specified Timeslice or Specified Values
2017-11-05 10:14:31 INFO  Dashboardpage:143 - Last seven days  TOTAL TRANSACTIONS....34
2017-11-05 10:14:35 INFO  Dashboardpage:163 - Last seven days  Total  Table  TRANSACTIONS....34
2017-11-05 10:14:35 INFO  Dashboardpage:167 - Last seven days  TOTAL TRANSACTIONS  Should Match 
2017-11-05 10:14:44 INFO  Dashboardpage:183 - This month  TOTAL TRANSACTIONS....26
2017-11-05 10:14:48 INFO  Dashboardpage:203 - This month  Total  Table  TRANSACTIONS....26
2017-11-05 10:14:48 INFO  Dashboardpage:207 - This month TOTAL TRANSACTIONS  Should Match 
2017-11-05 10:14:56 INFO  Dashboardpage:183 - This month  TOTAL TRANSACTIONS....921
2017-11-05 10:15:00 INFO  Dashboardpage:203 - This month  Total  Table  TRANSACTIONS....921
2017-11-05 10:15:00 INFO  Dashboardpage:207 - This month TOTAL TRANSACTIONS  Should Match 
2017-11-05 10:15:09 INFO  Dashboardpage:272 - One Year TOTAL TRANSACTIONS....1,716
2017-11-05 10:15:13 INFO  Dashboardpage:292 - One Year  Total  Table  TRANSACTIONS....1,716
2017-11-05 10:15:13 INFO  Dashboardpage:296 - One Year  Total  Table  TRANSACTIONS Should Match 
2017-11-05 10:15:13 INFO  Tc_09Dashboarddatepicker:35 -  selecting Total Trancations SucessFully  
2017-11-05 10:23:47 INFO  Dashboardpage:101 - Last 7 Days Total TOTAL TRANSACTIONS....0
2017-11-05 10:23:51 INFO  Dashboardpage:121 - Today Total  Table  TRANSACTIONS....
2017-11-05 10:23:51 INFO  Dashboardpage:128 - Today Total TOTAL TRANSACTIONS  Should Not  Match  
2017-11-05 10:23:51 INFO  Dashboardpage:129 - No Data Available For Specified Timeslice or Specified Values
2017-11-05 10:23:59 INFO  Dashboardpage:143 - Last seven days  TOTAL TRANSACTIONS....34
2017-11-05 10:24:03 INFO  Dashboardpage:163 - Last seven days  Total  Table  TRANSACTIONS....34
2017-11-05 10:24:03 INFO  Dashboardpage:167 - Last seven days  TOTAL TRANSACTIONS  Should Match 
2017-11-05 10:24:12 INFO  Dashboardpage:183 - This month  TOTAL TRANSACTIONS....26
2017-11-05 10:24:16 INFO  Dashboardpage:203 - This month  Total  Table  TRANSACTIONS....26
2017-11-05 10:24:16 INFO  Dashboardpage:207 - This month TOTAL TRANSACTIONS  Should Match 
2017-11-05 10:24:24 INFO  Dashboardpage:183 - This month  TOTAL TRANSACTIONS....921
2017-11-05 10:24:28 INFO  Dashboardpage:203 - This month  Total  Table  TRANSACTIONS....921
2017-11-05 10:24:28 INFO  Dashboardpage:207 - This month TOTAL TRANSACTIONS  Should Match 
2017-11-05 10:24:37 INFO  Dashboardpage:272 - One Year TOTAL TRANSACTIONS....1,716
2017-11-05 10:24:41 INFO  Dashboardpage:292 - One Year  Total  Table  TRANSACTIONS....1,716
2017-11-05 10:24:41 INFO  Dashboardpage:296 - One Year  Total  Table  TRANSACTIONS Should Match 
2017-11-05 10:24:41 INFO  Tc_09Dashboarddatepicker:35 -  selecting Total Trancations SucessFully  
2017-11-05 10:41:02 INFO  Dashboardpage:102 - Last 7 Days Total TOTAL TRANSACTIONS....0
2017-11-05 10:41:06 INFO  Dashboardpage:124 - Today Total  Table  TRANSACTIONS....
2017-11-05 10:41:06 INFO  Dashboardpage:140 - Today Total TOTAL TRANSACTIONS  Should Not  Match  
2017-11-05 10:41:06 INFO  Dashboardpage:141 - No Data Available For Specified Timeslice or Specified Values
2017-11-05 10:41:15 INFO  Dashboardpage:159 - Last seven days  TOTAL TRANSACTIONS....34
2017-11-05 10:41:20 INFO  Dashboardpage:181 - Last seven days  Total  Table  TRANSACTIONS....34
2017-11-05 10:41:20 INFO  Dashboardpage:187 - Last seven days  TOTAL TRANSACTIONS  Should Match 
2017-11-05 10:41:28 INFO  Dashboardpage:209 - This month  TOTAL TRANSACTIONS....26
2017-11-05 10:41:32 INFO  Dashboardpage:230 - This month  Total  Table  TRANSACTIONS....26
2017-11-05 10:41:32 INFO  Dashboardpage:237 - This month TOTAL TRANSACTIONS  Should Match 
2017-11-05 10:41:41 INFO  Dashboardpage:209 - This month  TOTAL TRANSACTIONS....921
2017-11-05 10:41:45 INFO  Dashboardpage:230 - This month  Total  Table  TRANSACTIONS....921
2017-11-05 10:41:45 INFO  Dashboardpage:237 - This month TOTAL TRANSACTIONS  Should Match 
2017-11-05 10:41:54 INFO  Dashboardpage:317 - One Year TOTAL TRANSACTIONS....1,716
2017-11-05 10:41:58 INFO  Dashboardpage:339 - One Year  Total  Table  TRANSACTIONS....1,716
2017-11-05 10:41:58 INFO  Dashboardpage:346 - One Year  Total  Table  TRANSACTIONS Should Match 
2017-11-05 10:41:58 INFO  Tc_09Dashboarddatepicker:35 -  selecting Total Trancations SucessFully  
2017-11-05 10:52:42 INFO  Dashboardpage:102 -  Today TOTAL TRANSACTIONS....0
2017-11-05 10:52:46 INFO  Dashboardpage:124 - Today Total  Table  TRANSACTIONS....
2017-11-05 10:52:46 INFO  Dashboardpage:140 - Today Total TOTAL TRANSACTIONS  Should Not  Match  
2017-11-05 10:52:46 INFO  Dashboardpage:141 - No Data Available For Specified Timeslice or Specified Values
2017-11-05 10:52:55 INFO  Dashboardpage:159 - Last seven days  TOTAL TRANSACTIONS....34
2017-11-05 10:52:59 INFO  Dashboardpage:181 - Last seven days  Total  Table  TRANSACTIONS....34
2017-11-05 10:52:59 INFO  Dashboardpage:187 - Last seven days  TOTAL TRANSACTIONS  Should Match 
2017-11-05 10:53:08 INFO  Dashboardpage:209 - This month  TOTAL TRANSACTIONS....26
2017-11-05 10:53:12 INFO  Dashboardpage:230 - This month  Total  Table  TRANSACTIONS....26
2017-11-05 10:53:12 INFO  Dashboardpage:237 - This month TOTAL TRANSACTIONS  Should Match 
2017-11-05 10:53:21 INFO  Dashboardpage:259 - Last Six Months TOTAL TRANSACTIONS....921
2017-11-05 10:53:25 INFO  Dashboardpage:281 - Last Six Month  Total  Table  TRANSACTIONS....921
2017-11-05 10:53:25 INFO  Dashboardpage:288 - Last Six Month  Total  Table  TRANSACTIONS  Should Match 
2017-11-05 10:53:33 INFO  Dashboardpage:317 - One Year TOTAL TRANSACTIONS....1,716
2017-11-05 10:53:38 INFO  Dashboardpage:339 - One Year  Total  Table  TRANSACTIONS....1,716
2017-11-05 10:53:38 INFO  Dashboardpage:346 - One Year  Total  Table  TRANSACTIONS Should Match 
2017-11-05 10:53:38 INFO  Tc_09Dashboarddatepicker:35 -  selecting Total Trancations SucessFully  
2017-11-05 12:35:28 INFO  ContactPage:59 - Filling the details of contact Fields ......
2017-11-05 12:50:46 INFO  Tc_02Links:34 - Print total no of links on the webpage----------------------------------------------------
2017-11-05 12:50:46 INFO  Tc_02Links:36 - 5
2017-11-05 12:50:46 INFO  Tc_02Links:39 - Print Links-----------------------------------------------------------------------------------
2017-11-05 12:50:47 INFO  Tc_02Links:55 - Visiting Each Links------------------------------------------------------------------------
2017-11-05 12:52:30 INFO  Tc_02Links:72 - passs
2017-11-05 12:58:05 INFO  APIPage:613 - pass
2017-11-05 12:58:08 INFO  ContactPage:59 - Filling the details of contact Fields ......
2017-11-05 12:58:51 INFO  FilteringAPIs:71 - Pass
2017-11-05 12:58:54 INFO  FAQPage:38 - clicked on FAQ in link...
2017-11-05 12:58:54 INFO  FAQPage:49 - 9
2017-11-05 12:58:54 INFO  FAQPage:54 - What is Evoke?
2017-11-05 12:58:54 INFO  FAQPage:55 - [[FirefoxDriver: firefox on WINDOWS (195928a1-d317-40d0-8595-384d704d6601)] -> xpath: //ul[@class='sidebar-menu']/li]
2017-11-05 12:58:57 INFO  FAQPage:63 - third
2017-11-05 12:58:57 INFO  FAQPage:54 - Who is it for?
2017-11-05 12:58:57 INFO  FAQPage:55 - [[FirefoxDriver: firefox on WINDOWS (195928a1-d317-40d0-8595-384d704d6601)] -> xpath: //ul[@class='sidebar-menu']/li]
2017-11-05 12:58:59 INFO  FAQPage:63 - third
2017-11-05 12:58:59 INFO  FAQPage:54 - Why do I need the APIs?
2017-11-05 12:58:59 INFO  FAQPage:55 - [[FirefoxDriver: firefox on WINDOWS (195928a1-d317-40d0-8595-384d704d6601)] -> xpath: //ul[@class='sidebar-menu']/li]
2017-11-05 12:59:02 INFO  FAQPage:63 - third
2017-11-05 12:59:02 INFO  FAQPage:54 - How do I integrate?
2017-11-05 12:59:02 INFO  FAQPage:55 - [[FirefoxDriver: firefox on WINDOWS (195928a1-d317-40d0-8595-384d704d6601)] -> xpath: //ul[@class='sidebar-menu']/li]
2017-11-05 12:59:04 INFO  FAQPage:63 - third
2017-11-05 12:59:04 INFO  FAQPage:54 - How much does it cost?
2017-11-05 12:59:04 INFO  FAQPage:55 - [[FirefoxDriver: firefox on WINDOWS (195928a1-d317-40d0-8595-384d704d6601)] -> xpath: //ul[@class='sidebar-menu']/li]
2017-11-05 12:59:07 INFO  FAQPage:63 - third
2017-11-05 12:59:07 INFO  FAQPage:54 - Is it secure?
2017-11-05 12:59:07 INFO  FAQPage:55 - [[FirefoxDriver: firefox on WINDOWS (195928a1-d317-40d0-8595-384d704d6601)] -> xpath: //ul[@class='sidebar-menu']/li]
2017-11-05 12:59:09 INFO  FAQPage:63 - third
2017-11-05 12:59:09 INFO  FAQPage:54 - What is your data retention policy?
2017-11-05 12:59:09 INFO  FAQPage:55 - [[FirefoxDriver: firefox on WINDOWS (195928a1-d317-40d0-8595-384d704d6601)] -> xpath: //ul[@class='sidebar-menu']/li]
2017-11-05 12:59:12 INFO  FAQPage:63 - third
2017-11-05 12:59:12 INFO  FAQPage:54 - Where do I get started?
2017-11-05 12:59:12 INFO  FAQPage:55 - [[FirefoxDriver: firefox on WINDOWS (195928a1-d317-40d0-8595-384d704d6601)] -> xpath: //ul[@class='sidebar-menu']/li]
2017-11-05 12:59:14 INFO  FAQPage:63 - third
2017-11-05 12:59:14 INFO  FAQPage:54 - How do I request support?
2017-11-05 12:59:14 INFO  FAQPage:55 - [[FirefoxDriver: firefox on WINDOWS (195928a1-d317-40d0-8595-384d704d6601)] -> xpath: //ul[@class='sidebar-menu']/li]
2017-11-05 12:59:16 INFO  FAQPage:63 - third
2017-11-05 12:59:16 INFO  FAQPage:71 - pass
2017-11-05 12:59:51 INFO  HomePage:42 - Clicking the HomePage links ......
2017-11-05 13:00:24 INFO  Dashboardpage:102 -  Today TOTAL TRANSACTIONS....0
2017-11-05 13:00:28 INFO  Dashboardpage:124 - Today Total  Table  TRANSACTIONS....
2017-11-05 13:00:28 INFO  Dashboardpage:140 - Today Total TOTAL TRANSACTIONS  Should Not  Match  
2017-11-05 13:00:28 INFO  Dashboardpage:141 - No Data Available For Specified Timeslice or Specified Values
2017-11-05 13:00:36 INFO  Dashboardpage:159 - Last seven days  TOTAL TRANSACTIONS....34
2017-11-05 13:00:41 INFO  Dashboardpage:181 - Last seven days  Total  Table  TRANSACTIONS....34
2017-11-05 13:00:41 INFO  Dashboardpage:187 - Last seven days  TOTAL TRANSACTIONS  Should Match 
2017-11-05 13:00:49 INFO  Dashboardpage:209 - This month  TOTAL TRANSACTIONS....26
2017-11-05 13:00:53 INFO  Dashboardpage:230 - This month  Total  Table  TRANSACTIONS....26
2017-11-05 13:00:53 INFO  Dashboardpage:237 - This month TOTAL TRANSACTIONS  Should Match 
2017-11-05 13:01:02 INFO  Dashboardpage:259 - Last Six Months TOTAL TRANSACTIONS....921
2017-11-05 13:01:06 INFO  Dashboardpage:281 - Last Six Month  Total  Table  TRANSACTIONS....921
2017-11-05 13:01:06 INFO  Dashboardpage:288 - Last Six Month  Total  Table  TRANSACTIONS  Should Match 
2017-11-05 13:01:15 INFO  Dashboardpage:317 - One Year TOTAL TRANSACTIONS....1,716
2017-11-05 13:01:19 INFO  Dashboardpage:339 - One Year  Total  Table  TRANSACTIONS....1,716
2017-11-05 13:01:19 INFO  Dashboardpage:346 - One Year  Total  Table  TRANSACTIONS Should Match 
2017-11-05 13:01:19 INFO  Tc_09Dashboarddatepicker:35 -  selecting Total Trancations SucessFully  
2017-11-05 13:07:39 INFO  Tc_02Links:34 - Print total no of links on the webpage----------------------------------------------------
2017-11-05 13:07:39 INFO  Tc_02Links:36 - 5
2017-11-05 13:07:39 INFO  Tc_02Links:39 - Print Links-----------------------------------------------------------------------------------
2017-11-05 13:07:40 INFO  Tc_02Links:55 - Visiting Each Links------------------------------------------------------------------------
2017-11-05 13:09:18 INFO  Tc_02Links:72 - passs
2017-11-05 13:14:51 INFO  APIPage:613 - pass
2017-11-05 13:14:54 INFO  ContactPage:59 - Filling the details of contact Fields ......
2017-11-05 13:15:36 INFO  FilteringAPIs:71 - Pass
2017-11-05 13:15:39 INFO  FAQPage:38 - clicked on FAQ in link...
2017-11-05 13:15:40 INFO  FAQPage:49 - 9
2017-11-05 13:15:40 INFO  FAQPage:54 - What is Evoke?
2017-11-05 13:15:40 INFO  FAQPage:55 - [[FirefoxDriver: firefox on WINDOWS (5410fba7-b384-420d-be53-7fe3a6a99922)] -> xpath: //ul[@class='sidebar-menu']/li]
2017-11-05 13:15:42 INFO  FAQPage:63 - third
2017-11-05 13:15:42 INFO  FAQPage:54 - Who is it for?
2017-11-05 13:15:42 INFO  FAQPage:55 - [[FirefoxDriver: firefox on WINDOWS (5410fba7-b384-420d-be53-7fe3a6a99922)] -> xpath: //ul[@class='sidebar-menu']/li]
2017-11-05 13:15:45 INFO  FAQPage:63 - third
2017-11-05 13:15:45 INFO  FAQPage:54 - Why do I need the APIs?
2017-11-05 13:15:45 INFO  FAQPage:55 - [[FirefoxDriver: firefox on WINDOWS (5410fba7-b384-420d-be53-7fe3a6a99922)] -> xpath: //ul[@class='sidebar-menu']/li]
2017-11-05 13:15:47 INFO  FAQPage:63 - third
2017-11-05 13:15:47 INFO  FAQPage:54 - How do I integrate?
2017-11-05 13:15:47 INFO  FAQPage:55 - [[FirefoxDriver: firefox on WINDOWS (5410fba7-b384-420d-be53-7fe3a6a99922)] -> xpath: //ul[@class='sidebar-menu']/li]
2017-11-05 13:15:50 INFO  FAQPage:63 - third
2017-11-05 13:15:50 INFO  FAQPage:54 - How much does it cost?
2017-11-05 13:15:50 INFO  FAQPage:55 - [[FirefoxDriver: firefox on WINDOWS (5410fba7-b384-420d-be53-7fe3a6a99922)] -> xpath: //ul[@class='sidebar-menu']/li]
2017-11-05 13:15:52 INFO  FAQPage:63 - third
2017-11-05 13:15:52 INFO  FAQPage:54 - Is it secure?
2017-11-05 13:15:52 INFO  FAQPage:55 - [[FirefoxDriver: firefox on WINDOWS (5410fba7-b384-420d-be53-7fe3a6a99922)] -> xpath: //ul[@class='sidebar-menu']/li]
2017-11-05 13:15:55 INFO  FAQPage:63 - third
2017-11-05 13:15:55 INFO  FAQPage:54 - What is your data retention policy?
2017-11-05 13:15:55 INFO  FAQPage:55 - [[FirefoxDriver: firefox on WINDOWS (5410fba7-b384-420d-be53-7fe3a6a99922)] -> xpath: //ul[@class='sidebar-menu']/li]
2017-11-05 13:15:57 INFO  FAQPage:63 - third
2017-11-05 13:15:57 INFO  FAQPage:54 - Where do I get started?
2017-11-05 13:15:57 INFO  FAQPage:55 - [[FirefoxDriver: firefox on WINDOWS (5410fba7-b384-420d-be53-7fe3a6a99922)] -> xpath: //ul[@class='sidebar-menu']/li]
2017-11-05 13:16:00 INFO  FAQPage:63 - third
2017-11-05 13:16:00 INFO  FAQPage:54 - How do I request support?
2017-11-05 13:16:00 INFO  FAQPage:55 - [[FirefoxDriver: firefox on WINDOWS (5410fba7-b384-420d-be53-7fe3a6a99922)] -> xpath: //ul[@class='sidebar-menu']/li]
2017-11-05 13:16:02 INFO  FAQPage:63 - third
2017-11-05 13:16:02 INFO  FAQPage:71 - pass
2017-11-05 13:16:46 INFO  HomePage:42 - Clicking the HomePage links ......
2017-11-05 13:17:20 INFO  Dashboardpage:102 -  Today TOTAL TRANSACTIONS....0
2017-11-05 13:17:24 INFO  Dashboardpage:124 - Today Total  Table  TRANSACTIONS....
2017-11-05 13:17:24 INFO  Dashboardpage:140 - Today Total TOTAL TRANSACTIONS  Should Not  Match  
2017-11-05 13:17:24 INFO  Dashboardpage:141 - No Data Available For Specified Timeslice or Specified Values
2017-11-05 13:17:33 INFO  Dashboardpage:159 - Last seven days  TOTAL TRANSACTIONS....34
2017-11-05 13:17:37 INFO  Dashboardpage:181 - Last seven days  Total  Table  TRANSACTIONS....34
2017-11-05 13:17:37 INFO  Dashboardpage:187 - Last seven days  TOTAL TRANSACTIONS  Should Match 
2017-11-05 13:17:45 INFO  Dashboardpage:209 - This month  TOTAL TRANSACTIONS....26
2017-11-05 13:17:49 INFO  Dashboardpage:230 - This month  Total  Table  TRANSACTIONS....26
2017-11-05 13:17:49 INFO  Dashboardpage:237 - This month TOTAL TRANSACTIONS  Should Match 
2017-11-05 13:17:58 INFO  Dashboardpage:259 - Last Six Months TOTAL TRANSACTIONS....921
2017-11-05 13:18:02 INFO  Dashboardpage:281 - Last Six Month  Total  Table  TRANSACTIONS....921
2017-11-05 13:18:02 INFO  Dashboardpage:288 - Last Six Month  Total  Table  TRANSACTIONS  Should Match 
2017-11-05 13:18:11 INFO  Dashboardpage:317 - One Year TOTAL TRANSACTIONS....1,716
2017-11-05 13:18:15 INFO  Dashboardpage:339 - One Year  Total  Table  TRANSACTIONS....1,716
2017-11-05 13:18:15 INFO  Dashboardpage:346 - One Year  Total  Table  TRANSACTIONS Should Match 
2017-11-05 13:18:15 INFO  Tc_09Dashboarddatepicker:35 -  selecting Total Trancations SucessFully  
2017-11-05 14:08:15 INFO  HomePage:42 - Clicking the HomePage links ......
2017-11-05 14:08:48 INFO  Dashboardpage:102 -  Today TOTAL TRANSACTIONS....0
2017-11-05 14:10:26 INFO  FAQPage:38 - clicked on FAQ in link...
2017-11-05 14:10:27 INFO  FAQPage:51 - 9
2017-11-05 14:10:27 INFO  FAQPage:56 - What is Evoke?
2017-11-05 14:10:27 INFO  FAQPage:57 - [[FirefoxDriver: firefox on WINDOWS (9a97c3e3-2d69-4d79-b17e-211cf9079dd3)] -> xpath: //ul[@class='sidebar-menu']/li]
2017-11-05 14:10:29 INFO  FAQPage:65 - third
2017-11-05 14:10:29 INFO  FAQPage:56 - Who is it for?
2017-11-05 14:10:29 INFO  FAQPage:57 - [[FirefoxDriver: firefox on WINDOWS (9a97c3e3-2d69-4d79-b17e-211cf9079dd3)] -> xpath: //ul[@class='sidebar-menu']/li]
2017-11-05 14:10:32 INFO  FAQPage:65 - third
2017-11-05 14:10:32 INFO  FAQPage:56 - Why do I need the APIs?
2017-11-05 14:10:32 INFO  FAQPage:57 - [[FirefoxDriver: firefox on WINDOWS (9a97c3e3-2d69-4d79-b17e-211cf9079dd3)] -> xpath: //ul[@class='sidebar-menu']/li]
2017-11-05 14:10:34 INFO  FAQPage:65 - third
2017-11-05 14:10:34 INFO  FAQPage:56 - How do I integrate?
2017-11-05 14:10:34 INFO  FAQPage:57 - [[FirefoxDriver: firefox on WINDOWS (9a97c3e3-2d69-4d79-b17e-211cf9079dd3)] -> xpath: //ul[@class='sidebar-menu']/li]
2017-11-05 14:10:37 INFO  FAQPage:65 - third
2017-11-05 14:10:37 INFO  FAQPage:56 - How much does it cost?
2017-11-05 14:10:37 INFO  FAQPage:57 - [[FirefoxDriver: firefox on WINDOWS (9a97c3e3-2d69-4d79-b17e-211cf9079dd3)] -> xpath: //ul[@class='sidebar-menu']/li]
2017-11-05 14:10:39 INFO  FAQPage:65 - third
2017-11-05 14:10:39 INFO  FAQPage:56 - Is it secure?
2017-11-05 14:10:39 INFO  FAQPage:57 - [[FirefoxDriver: firefox on WINDOWS (9a97c3e3-2d69-4d79-b17e-211cf9079dd3)] -> xpath: //ul[@class='sidebar-menu']/li]
2017-11-05 14:10:42 INFO  FAQPage:65 - third
2017-11-05 14:10:42 INFO  FAQPage:56 - What is your data retention policy?
2017-11-05 14:10:42 INFO  FAQPage:57 - [[FirefoxDriver: firefox on WINDOWS (9a97c3e3-2d69-4d79-b17e-211cf9079dd3)] -> xpath: //ul[@class='sidebar-menu']/li]
2017-11-05 14:10:44 INFO  FAQPage:65 - third
2017-11-05 14:10:44 INFO  FAQPage:56 - Where do I get started?
2017-11-05 14:10:44 INFO  FAQPage:57 - [[FirefoxDriver: firefox on WINDOWS (9a97c3e3-2d69-4d79-b17e-211cf9079dd3)] -> xpath: //ul[@class='sidebar-menu']/li]
2017-11-05 14:10:47 INFO  FAQPage:65 - third
2017-11-05 14:10:47 INFO  FAQPage:56 - How do I request support?
2017-11-05 14:10:47 INFO  FAQPage:57 - [[FirefoxDriver: firefox on WINDOWS (9a97c3e3-2d69-4d79-b17e-211cf9079dd3)] -> xpath: //ul[@class='sidebar-menu']/li]
2017-11-05 14:10:49 INFO  FAQPage:65 - third
2017-11-05 14:10:49 INFO  FAQPage:73 - pass
2017-11-05 14:11:32 INFO  HomePage:42 - Clicking the HomePage links ......
2017-11-05 14:12:05 INFO  Dashboardpage:102 -  Today TOTAL TRANSACTIONS....0
2017-11-05 14:12:09 INFO  Dashboardpage:124 - Today Total  Table  TRANSACTIONS....
2017-11-05 14:12:09 INFO  Dashboardpage:140 - Today Total TOTAL TRANSACTIONS  Should Not  Match  
2017-11-05 14:12:09 INFO  Dashboardpage:141 - No Data Available For Specified Timeslice or Specified Values
2017-11-05 14:12:17 INFO  Dashboardpage:159 - Last seven days  TOTAL TRANSACTIONS....34
2017-11-05 14:12:22 INFO  Dashboardpage:181 - Last seven days  Total  Table  TRANSACTIONS....34
2017-11-05 14:12:22 INFO  Dashboardpage:187 - Last seven days  TOTAL TRANSACTIONS  Should Match 
2017-11-05 14:12:30 INFO  Dashboardpage:209 - This month  TOTAL TRANSACTIONS....26
2017-11-05 14:12:34 INFO  Dashboardpage:230 - This month  Total  Table  TRANSACTIONS....26
2017-11-05 14:12:34 INFO  Dashboardpage:237 - This month TOTAL TRANSACTIONS  Should Match 
2017-11-05 14:12:43 INFO  Dashboardpage:259 - Last Six Months TOTAL TRANSACTIONS....921
2017-11-05 14:12:47 INFO  Dashboardpage:281 - Last Six Month  Total  Table  TRANSACTIONS....921
2017-11-05 14:12:47 INFO  Dashboardpage:288 - Last Six Month  Total  Table  TRANSACTIONS  Should Match 
2017-11-05 14:12:56 INFO  Dashboardpage:317 - One Year TOTAL TRANSACTIONS....1,716
2017-11-05 14:13:00 INFO  Dashboardpage:339 - One Year  Total  Table  TRANSACTIONS....1,716
2017-11-05 14:13:00 INFO  Dashboardpage:346 - One Year  Total  Table  TRANSACTIONS Should Match 
2017-11-05 14:13:00 INFO  Tc_09Dashboarddatepicker:35 -  selecting Total Trancations SucessFully  
2017-11-05 14:22:42 INFO  FAQPage:38 - clicked on FAQ in link...
2017-11-05 14:22:43 INFO  FAQPage:51 - 9
2017-11-05 14:22:43 INFO  FAQPage:56 - What is Evoke?
2017-11-05 14:22:43 INFO  FAQPage:57 - [[FirefoxDriver: firefox on WINDOWS (c7c0141e-dffd-47bd-b90c-726175b75a3e)] -> xpath: //ul[@class='sidebar-menu']/li]
2017-11-05 14:22:46 INFO  FAQPage:65 - third
2017-11-05 14:22:46 INFO  FAQPage:56 - Who is it for?
2017-11-05 14:22:46 INFO  FAQPage:57 - [[FirefoxDriver: firefox on WINDOWS (c7c0141e-dffd-47bd-b90c-726175b75a3e)] -> xpath: //ul[@class='sidebar-menu']/li]
2017-11-05 14:22:48 INFO  FAQPage:65 - third
2017-11-05 14:22:48 INFO  FAQPage:56 - Why do I need the APIs?
2017-11-05 14:22:48 INFO  FAQPage:57 - [[FirefoxDriver: firefox on WINDOWS (c7c0141e-dffd-47bd-b90c-726175b75a3e)] -> xpath: //ul[@class='sidebar-menu']/li]
2017-11-05 14:22:51 INFO  FAQPage:65 - third
2017-11-05 14:22:51 INFO  FAQPage:56 - How do I integrate?
2017-11-05 14:22:51 INFO  FAQPage:57 - [[FirefoxDriver: firefox on WINDOWS (c7c0141e-dffd-47bd-b90c-726175b75a3e)] -> xpath: //ul[@class='sidebar-menu']/li]
2017-11-05 14:22:53 INFO  FAQPage:65 - third
2017-11-05 14:22:53 INFO  FAQPage:56 - How much does it cost?
2017-11-05 14:22:53 INFO  FAQPage:57 - [[FirefoxDriver: firefox on WINDOWS (c7c0141e-dffd-47bd-b90c-726175b75a3e)] -> xpath: //ul[@class='sidebar-menu']/li]
2017-11-05 14:22:56 INFO  FAQPage:65 - third
2017-11-05 14:22:56 INFO  FAQPage:56 - Is it secure?
2017-11-05 14:22:56 INFO  FAQPage:57 - [[FirefoxDriver: firefox on WINDOWS (c7c0141e-dffd-47bd-b90c-726175b75a3e)] -> xpath: //ul[@class='sidebar-menu']/li]
2017-11-05 14:22:58 INFO  FAQPage:65 - third
2017-11-05 14:22:58 INFO  FAQPage:56 - What is your data retention policy?
2017-11-05 14:22:58 INFO  FAQPage:57 - [[FirefoxDriver: firefox on WINDOWS (c7c0141e-dffd-47bd-b90c-726175b75a3e)] -> xpath: //ul[@class='sidebar-menu']/li]
2017-11-05 14:23:01 INFO  FAQPage:65 - third
2017-11-05 14:23:01 INFO  FAQPage:56 - Where do I get started?
2017-11-05 14:23:01 INFO  FAQPage:57 - [[FirefoxDriver: firefox on WINDOWS (c7c0141e-dffd-47bd-b90c-726175b75a3e)] -> xpath: //ul[@class='sidebar-menu']/li]
2017-11-05 14:23:03 INFO  FAQPage:65 - third
2017-11-05 14:23:03 INFO  FAQPage:56 - How do I request support?
2017-11-05 14:23:03 INFO  FAQPage:57 - [[FirefoxDriver: firefox on WINDOWS (c7c0141e-dffd-47bd-b90c-726175b75a3e)] -> xpath: //ul[@class='sidebar-menu']/li]
2017-11-05 14:23:06 INFO  FAQPage:65 - third
2017-11-05 14:23:06 INFO  FAQPage:73 - pass
2017-11-05 14:23:53 INFO  HomePage:42 - Clicking the HomePage links ......
2017-11-05 14:28:57 INFO  Tc_07Profile:29 - name.....raghu
2017-11-05 14:29:49 INFO  Tc_02Links:34 - Print total no of links on the webpage----------------------------------------------------
2017-11-05 14:29:49 INFO  Tc_02Links:36 - 5
2017-11-05 14:29:49 INFO  Tc_02Links:39 - Print Links-----------------------------------------------------------------------------------
2017-11-05 14:29:50 INFO  Tc_02Links:55 - Visiting Each Links------------------------------------------------------------------------
2017-11-05 14:31:22 INFO  Tc_02Links:72 - passs
2017-11-05 14:36:52 INFO  APIPage:613 - pass
2017-11-05 14:36:55 INFO  ContactPage:59 - Filling the details of contact Fields ......
2017-11-05 14:37:39 INFO  FilteringAPIs:71 - Pass
2017-11-05 14:37:42 INFO  FAQPage:38 - clicked on FAQ in link...
2017-11-05 14:37:42 INFO  FAQPage:51 - 9
2017-11-05 14:37:42 INFO  FAQPage:56 - What is Evoke?
2017-11-05 14:37:42 INFO  FAQPage:57 - [[FirefoxDriver: firefox on WINDOWS (2651d09b-5fe8-4877-b037-324f5175099d)] -> xpath: //ul[@class='sidebar-menu']/li]
2017-11-05 14:37:45 INFO  FAQPage:65 - third
2017-11-05 14:37:45 INFO  FAQPage:56 - Who is it for?
2017-11-05 14:37:45 INFO  FAQPage:57 - [[FirefoxDriver: firefox on WINDOWS (2651d09b-5fe8-4877-b037-324f5175099d)] -> xpath: //ul[@class='sidebar-menu']/li]
2017-11-05 14:37:47 INFO  FAQPage:65 - third
2017-11-05 14:37:47 INFO  FAQPage:56 - Why do I need the APIs?
2017-11-05 14:37:47 INFO  FAQPage:57 - [[FirefoxDriver: firefox on WINDOWS (2651d09b-5fe8-4877-b037-324f5175099d)] -> xpath: //ul[@class='sidebar-menu']/li]
2017-11-05 14:37:50 INFO  FAQPage:65 - third
2017-11-05 14:37:50 INFO  FAQPage:56 - How do I integrate?
2017-11-05 14:37:50 INFO  FAQPage:57 - [[FirefoxDriver: firefox on WINDOWS (2651d09b-5fe8-4877-b037-324f5175099d)] -> xpath: //ul[@class='sidebar-menu']/li]
2017-11-05 14:37:52 INFO  FAQPage:65 - third
2017-11-05 14:37:52 INFO  FAQPage:56 - How much does it cost?
2017-11-05 14:37:52 INFO  FAQPage:57 - [[FirefoxDriver: firefox on WINDOWS (2651d09b-5fe8-4877-b037-324f5175099d)] -> xpath: //ul[@class='sidebar-menu']/li]
2017-11-05 14:37:55 INFO  FAQPage:65 - third
2017-11-05 14:37:55 INFO  FAQPage:56 - Is it secure?
2017-11-05 14:37:55 INFO  FAQPage:57 - [[FirefoxDriver: firefox on WINDOWS (2651d09b-5fe8-4877-b037-324f5175099d)] -> xpath: //ul[@class='sidebar-menu']/li]
2017-11-05 14:37:57 INFO  FAQPage:65 - third
2017-11-05 14:37:57 INFO  FAQPage:56 - What is your data retention policy?
2017-11-05 14:37:57 INFO  FAQPage:57 - [[FirefoxDriver: firefox on WINDOWS (2651d09b-5fe8-4877-b037-324f5175099d)] -> xpath: //ul[@class='sidebar-menu']/li]
2017-11-05 14:38:00 INFO  FAQPage:65 - third
2017-11-05 14:38:00 INFO  FAQPage:56 - Where do I get started?
2017-11-05 14:38:00 INFO  FAQPage:57 - [[FirefoxDriver: firefox on WINDOWS (2651d09b-5fe8-4877-b037-324f5175099d)] -> xpath: //ul[@class='sidebar-menu']/li]
2017-11-05 14:38:02 INFO  FAQPage:65 - third
2017-11-05 14:38:02 INFO  FAQPage:56 - How do I request support?
2017-11-05 14:38:02 INFO  FAQPage:57 - [[FirefoxDriver: firefox on WINDOWS (2651d09b-5fe8-4877-b037-324f5175099d)] -> xpath: //ul[@class='sidebar-menu']/li]
2017-11-05 14:38:05 INFO  FAQPage:65 - third
2017-11-05 14:38:05 INFO  FAQPage:73 - pass
2017-11-05 14:38:27 INFO  Tc_07Profile:29 - name.....raghu
2017-11-05 14:38:28 INFO  HomePage:42 - Clicking the HomePage links ......
2017-11-05 14:39:02 INFO  Dashboardpage:102 -  Today TOTAL TRANSACTIONS....0
2017-11-05 14:39:06 INFO  Dashboardpage:124 - Today Total  Table  TRANSACTIONS....
2017-11-05 14:39:06 INFO  Dashboardpage:140 - Today Total TOTAL TRANSACTIONS  Should Not  Match  
2017-11-05 14:39:06 INFO  Dashboardpage:141 - No Data Available For Specified Timeslice or Specified Values
2017-11-05 14:39:15 INFO  Dashboardpage:159 - Last seven days  TOTAL TRANSACTIONS....34
2017-11-05 14:39:19 INFO  Dashboardpage:181 - Last seven days  Total  Table  TRANSACTIONS....34
2017-11-05 14:39:19 INFO  Dashboardpage:187 - Last seven days  TOTAL TRANSACTIONS  Should Match 
2017-11-05 14:39:27 INFO  Dashboardpage:209 - This month  TOTAL TRANSACTIONS....26
2017-11-05 14:39:31 INFO  Dashboardpage:230 - This month  Total  Table  TRANSACTIONS....26
2017-11-05 14:39:31 INFO  Dashboardpage:237 - This month TOTAL TRANSACTIONS  Should Match 
2017-11-05 14:39:40 INFO  Dashboardpage:259 - Last Six Months TOTAL TRANSACTIONS....921
2017-11-05 14:39:44 INFO  Dashboardpage:281 - Last Six Month  Total  Table  TRANSACTIONS....921
2017-11-05 14:39:44 INFO  Dashboardpage:288 - Last Six Month  Total  Table  TRANSACTIONS  Should Match 
2017-11-05 14:39:53 INFO  Dashboardpage:317 - One Year TOTAL TRANSACTIONS....1,716
2017-11-05 14:39:57 INFO  Dashboardpage:339 - One Year  Total  Table  TRANSACTIONS....1,716
2017-11-05 14:39:57 INFO  Dashboardpage:346 - One Year  Total  Table  TRANSACTIONS Should Match 
2017-11-05 14:39:58 INFO  Tc_09Dashboarddatepicker:35 -  selecting Total Trancations SucessFully  
2017-11-05 15:02:29 INFO  Tc_02Links:34 - Print total no of links on the webpage----------------------------------------------------
2017-11-05 15:02:29 INFO  Tc_02Links:36 - 5
2017-11-05 15:02:29 INFO  Tc_02Links:39 - Print Links-----------------------------------------------------------------------------------
2017-11-05 15:02:30 INFO  Tc_02Links:55 - Visiting Each Links------------------------------------------------------------------------
2017-11-05 15:04:08 INFO  Tc_02Links:72 - passs
2017-11-05 15:09:38 INFO  APIPage:613 - pass
2017-11-05 15:09:41 INFO  ContactPage:59 - Filling the details of contact Fields ......
2017-11-05 15:10:24 INFO  FilteringAPIs:71 - Pass
2017-11-05 15:10:27 INFO  FAQPage:38 - clicked on FAQ in link...
2017-11-05 15:10:28 INFO  FAQPage:51 - 9
2017-11-05 15:10:28 INFO  FAQPage:56 - What is Evoke?
2017-11-05 15:10:28 INFO  FAQPage:57 - [[FirefoxDriver: firefox on WINDOWS (0b68842e-9554-4857-8239-1d51c26772b9)] -> xpath: //ul[@class='sidebar-menu']/li]
2017-11-05 15:10:30 INFO  FAQPage:65 - third
2017-11-05 15:10:30 INFO  FAQPage:56 - Who is it for?
2017-11-05 15:10:30 INFO  FAQPage:57 - [[FirefoxDriver: firefox on WINDOWS (0b68842e-9554-4857-8239-1d51c26772b9)] -> xpath: //ul[@class='sidebar-menu']/li]
2017-11-05 15:10:33 INFO  FAQPage:65 - third
2017-11-05 15:10:33 INFO  FAQPage:56 - Why do I need the APIs?
2017-11-05 15:10:33 INFO  FAQPage:57 - [[FirefoxDriver: firefox on WINDOWS (0b68842e-9554-4857-8239-1d51c26772b9)] -> xpath: //ul[@class='sidebar-menu']/li]
2017-11-05 15:10:35 INFO  FAQPage:65 - third
2017-11-05 15:10:35 INFO  FAQPage:56 - How do I integrate?
2017-11-05 15:10:35 INFO  FAQPage:57 - [[FirefoxDriver: firefox on WINDOWS (0b68842e-9554-4857-8239-1d51c26772b9)] -> xpath: //ul[@class='sidebar-menu']/li]
2017-11-05 15:10:38 INFO  FAQPage:65 - third
2017-11-05 15:10:38 INFO  FAQPage:56 - How much does it cost?
2017-11-05 15:10:38 INFO  FAQPage:57 - [[FirefoxDriver: firefox on WINDOWS (0b68842e-9554-4857-8239-1d51c26772b9)] -> xpath: //ul[@class='sidebar-menu']/li]
2017-11-05 15:10:40 INFO  FAQPage:65 - third
2017-11-05 15:10:40 INFO  FAQPage:56 - Is it secure?
2017-11-05 15:10:40 INFO  FAQPage:57 - [[FirefoxDriver: firefox on WINDOWS (0b68842e-9554-4857-8239-1d51c26772b9)] -> xpath: //ul[@class='sidebar-menu']/li]
2017-11-05 15:10:42 INFO  FAQPage:65 - third
2017-11-05 15:10:42 INFO  FAQPage:56 - What is your data retention policy?
2017-11-05 15:10:42 INFO  FAQPage:57 - [[FirefoxDriver: firefox on WINDOWS (0b68842e-9554-4857-8239-1d51c26772b9)] -> xpath: //ul[@class='sidebar-menu']/li]
2017-11-05 15:10:45 INFO  FAQPage:65 - third
2017-11-05 15:10:45 INFO  FAQPage:56 - Where do I get started?
2017-11-05 15:10:45 INFO  FAQPage:57 - [[FirefoxDriver: firefox on WINDOWS (0b68842e-9554-4857-8239-1d51c26772b9)] -> xpath: //ul[@class='sidebar-menu']/li]
2017-11-05 15:10:47 INFO  FAQPage:65 - third
2017-11-05 15:10:47 INFO  FAQPage:56 - How do I request support?
2017-11-05 15:10:47 INFO  FAQPage:57 - [[FirefoxDriver: firefox on WINDOWS (0b68842e-9554-4857-8239-1d51c26772b9)] -> xpath: //ul[@class='sidebar-menu']/li]
2017-11-05 15:10:50 INFO  FAQPage:65 - third
2017-11-05 15:10:50 INFO  FAQPage:73 - pass
2017-11-05 15:11:12 INFO  Tc_07Profile:30 - name.....raghu
2017-11-05 15:11:13 INFO  HomePage:42 - Clicking the HomePage links ......
2017-11-05 15:11:47 INFO  Dashboardpage:102 -  Today TOTAL TRANSACTIONS....0
2017-11-05 15:11:51 INFO  Dashboardpage:124 - Today Total  Table  TRANSACTIONS....
2017-11-05 15:11:51 INFO  Dashboardpage:140 - Today Total TOTAL TRANSACTIONS  Should Not  Match  
2017-11-05 15:11:51 INFO  Dashboardpage:141 - No Data Available For Specified Timeslice or Specified Values
2017-11-05 15:12:00 INFO  Dashboardpage:159 - Last seven days  TOTAL TRANSACTIONS....34
2017-11-05 15:12:04 INFO  Dashboardpage:181 - Last seven days  Total  Table  TRANSACTIONS....34
2017-11-05 15:12:04 INFO  Dashboardpage:187 - Last seven days  TOTAL TRANSACTIONS  Should Match 
2017-11-05 15:12:13 INFO  Dashboardpage:209 - This month  TOTAL TRANSACTIONS....26
2017-11-05 15:12:17 INFO  Dashboardpage:230 - This month  Total  Table  TRANSACTIONS....26
2017-11-05 15:12:17 INFO  Dashboardpage:237 - This month TOTAL TRANSACTIONS  Should Match 
2017-11-05 15:12:26 INFO  Dashboardpage:259 - Last Six Months TOTAL TRANSACTIONS....921
2017-11-05 15:12:30 INFO  Dashboardpage:281 - Last Six Month  Total  Table  TRANSACTIONS....921
2017-11-05 15:12:30 INFO  Dashboardpage:288 - Last Six Month  Total  Table  TRANSACTIONS  Should Match 
2017-11-05 15:12:39 INFO  Dashboardpage:317 - One Year TOTAL TRANSACTIONS....1,716
2017-11-05 15:12:43 INFO  Dashboardpage:339 - One Year  Total  Table  TRANSACTIONS....1,716
2017-11-05 15:12:43 INFO  Dashboardpage:346 - One Year  Total  Table  TRANSACTIONS Should Match 
2017-11-05 15:12:43 INFO  Tc_09Dashboarddatepicker:35 -  selecting Total Trancations SucessFully  
2017-11-06 10:25:12 INFO  Tc_02Links:34 - Print total no of links on the webpage----------------------------------------------------
2017-11-06 10:25:12 INFO  Tc_02Links:36 - 5
2017-11-06 10:25:12 INFO  Tc_02Links:39 - Print Links-----------------------------------------------------------------------------------
2017-11-06 10:25:13 INFO  Tc_02Links:55 - Visiting Each Links------------------------------------------------------------------------
2017-11-06 10:26:19 INFO  Tc_02Links:72 - passs
2017-11-06 10:31:48 INFO  APIPage:613 - pass
2017-11-06 10:31:52 INFO  ContactPage:59 - Filling the details of contact Fields ......
2017-11-06 10:32:14 INFO  FilteringAPIs:71 - Pass
2017-11-06 10:32:17 INFO  FAQPage:38 - clicked on FAQ in link...
2017-11-06 10:32:18 INFO  FAQPage:51 - 9
2017-11-06 10:32:18 INFO  FAQPage:56 - What is Evoke?
2017-11-06 10:32:18 INFO  FAQPage:57 - [[FirefoxDriver: firefox on WINDOWS (1cfbc6f7-91d2-44ae-b8fd-0c508b276f89)] -> xpath: //ul[@class='sidebar-menu']/li]
2017-11-06 10:32:20 INFO  FAQPage:65 - third
2017-11-06 10:32:20 INFO  FAQPage:56 - Who is it for?
2017-11-06 10:32:20 INFO  FAQPage:57 - [[FirefoxDriver: firefox on WINDOWS (1cfbc6f7-91d2-44ae-b8fd-0c508b276f89)] -> xpath: //ul[@class='sidebar-menu']/li]
2017-11-06 10:32:23 INFO  FAQPage:65 - third
2017-11-06 10:32:23 INFO  FAQPage:56 - Why do I need the APIs?
2017-11-06 10:32:23 INFO  FAQPage:57 - [[FirefoxDriver: firefox on WINDOWS (1cfbc6f7-91d2-44ae-b8fd-0c508b276f89)] -> xpath: //ul[@class='sidebar-menu']/li]
2017-11-06 10:32:25 INFO  FAQPage:65 - third
2017-11-06 10:32:25 INFO  FAQPage:56 - How do I integrate?
2017-11-06 10:32:25 INFO  FAQPage:57 - [[FirefoxDriver: firefox on WINDOWS (1cfbc6f7-91d2-44ae-b8fd-0c508b276f89)] -> xpath: //ul[@class='sidebar-menu']/li]
2017-11-06 10:32:28 INFO  FAQPage:65 - third
2017-11-06 10:32:28 INFO  FAQPage:56 - How much does it cost?
2017-11-06 10:32:28 INFO  FAQPage:57 - [[FirefoxDriver: firefox on WINDOWS (1cfbc6f7-91d2-44ae-b8fd-0c508b276f89)] -> xpath: //ul[@class='sidebar-menu']/li]
2017-11-06 10:32:30 INFO  FAQPage:65 - third
2017-11-06 10:32:30 INFO  FAQPage:56 - Is it secure?
2017-11-06 10:32:30 INFO  FAQPage:57 - [[FirefoxDriver: firefox on WINDOWS (1cfbc6f7-91d2-44ae-b8fd-0c508b276f89)] -> xpath: //ul[@class='sidebar-menu']/li]
2017-11-06 10:32:33 INFO  FAQPage:65 - third
2017-11-06 10:32:33 INFO  FAQPage:56 - What is your data retention policy?
2017-11-06 10:32:33 INFO  FAQPage:57 - [[FirefoxDriver: firefox on WINDOWS (1cfbc6f7-91d2-44ae-b8fd-0c508b276f89)] -> xpath: //ul[@class='sidebar-menu']/li]
2017-11-06 10:32:35 INFO  FAQPage:65 - third
2017-11-06 10:32:35 INFO  FAQPage:56 - Where do I get started?
2017-11-06 10:32:35 INFO  FAQPage:57 - [[FirefoxDriver: firefox on WINDOWS (1cfbc6f7-91d2-44ae-b8fd-0c508b276f89)] -> xpath: //ul[@class='sidebar-menu']/li]
2017-11-06 10:32:38 INFO  FAQPage:65 - third
2017-11-06 10:32:38 INFO  FAQPage:56 - How do I request support?
2017-11-06 10:32:38 INFO  FAQPage:57 - [[FirefoxDriver: firefox on WINDOWS (1cfbc6f7-91d2-44ae-b8fd-0c508b276f89)] -> xpath: //ul[@class='sidebar-menu']/li]
2017-11-06 10:32:40 INFO  FAQPage:65 - third
2017-11-06 10:32:40 INFO  FAQPage:73 - pass
2017-11-06 10:33:03 INFO  Tc_07Profile:30 - name.....raghu
2017-11-06 10:33:03 INFO  HomePage:42 - Clicking the HomePage links ......
2017-11-06 10:33:36 INFO  Dashboardpage:102 -  Today TOTAL TRANSACTIONS....0
2017-11-06 10:33:40 INFO  Dashboardpage:124 - Today Total  Table  TRANSACTIONS....
2017-11-06 10:33:40 INFO  Dashboardpage:140 - Today Total TOTAL TRANSACTIONS  Should Not  Match  
2017-11-06 10:33:40 INFO  Dashboardpage:141 - No Data Available For Specified Timeslice or Specified Values
2017-11-06 10:33:49 INFO  Dashboardpage:159 - Last seven days  TOTAL TRANSACTIONS....30
2017-11-06 10:33:53 INFO  Dashboardpage:181 - Last seven days  Total  Table  TRANSACTIONS....30
2017-11-06 10:33:53 INFO  Dashboardpage:187 - Last seven days  TOTAL TRANSACTIONS  Should Match 
2017-11-06 10:34:02 INFO  Dashboardpage:209 - This month  TOTAL TRANSACTIONS....28
2017-11-06 10:34:06 INFO  Dashboardpage:230 - This month  Total  Table  TRANSACTIONS....28
2017-11-06 10:34:06 INFO  Dashboardpage:237 - This month TOTAL TRANSACTIONS  Should Match 
2017-11-06 10:34:14 INFO  Dashboardpage:259 - Last Six Months TOTAL TRANSACTIONS....921
2017-11-06 10:34:19 INFO  Dashboardpage:281 - Last Six Month  Total  Table  TRANSACTIONS....921
2017-11-06 10:34:19 INFO  Dashboardpage:288 - Last Six Month  Total  Table  TRANSACTIONS  Should Match 
2017-11-06 10:34:27 INFO  Dashboardpage:317 - One Year TOTAL TRANSACTIONS....1,716
2017-11-06 10:34:31 INFO  Dashboardpage:339 - One Year  Total  Table  TRANSACTIONS....1,716
2017-11-06 10:34:31 INFO  Dashboardpage:346 - One Year  Total  Table  TRANSACTIONS Should Match 
2017-11-06 10:34:32 INFO  Tc_09Dashboarddatepicker:35 -  selecting Total Trancations SucessFully  
2017-11-06 10:46:05 INFO  ContactPage:59 - Filling the details of contact Fields ......
2017-11-06 11:00:11 INFO  ContactPage:59 - Filling the details of contact Fields ......
2017-11-08 16:48:22 INFO  Tc_02Links:34 - Print total no of links on the webpage----------------------------------------------------
2017-11-08 16:48:22 INFO  Tc_02Links:36 - 5
2017-11-08 16:48:22 INFO  Tc_02Links:39 - Print Links-----------------------------------------------------------------------------------
2017-11-08 16:48:23 INFO  Tc_02Links:55 - Visiting Each Links------------------------------------------------------------------------
2017-11-08 16:49:28 INFO  Tc_02Links:72 - passs
2017-11-08 16:54:58 INFO  APIPage:613 - pass
2017-11-08 16:55:01 INFO  ContactPage:59 - Filling the details of contact Fields ......
2017-11-08 16:55:20 INFO  FilteringAPIs:71 - Pass
2017-11-08 16:55:23 INFO  FAQPage:38 - clicked on FAQ in link...
2017-11-08 16:55:24 INFO  FAQPage:51 - 9
2017-11-08 16:55:24 INFO  FAQPage:56 - What is Evoke?
2017-11-08 16:55:24 INFO  FAQPage:57 - [[FirefoxDriver: firefox on WINDOWS (608ff550-2f6a-41da-8b73-74b68fbb4466)] -> xpath: //ul[@class='sidebar-menu']/li]
2017-11-08 16:55:26 INFO  FAQPage:65 - third
2017-11-08 16:55:26 INFO  FAQPage:56 - Who is it for?
2017-11-08 16:55:26 INFO  FAQPage:57 - [[FirefoxDriver: firefox on WINDOWS (608ff550-2f6a-41da-8b73-74b68fbb4466)] -> xpath: //ul[@class='sidebar-menu']/li]
2017-11-08 16:55:28 INFO  FAQPage:65 - third
2017-11-08 16:55:29 INFO  FAQPage:56 - Why do I need the APIs?
2017-11-08 16:55:29 INFO  FAQPage:57 - [[FirefoxDriver: firefox on WINDOWS (608ff550-2f6a-41da-8b73-74b68fbb4466)] -> xpath: //ul[@class='sidebar-menu']/li]
2017-11-08 16:55:31 INFO  FAQPage:65 - third
2017-11-08 16:55:31 INFO  FAQPage:56 - How do I integrate?
2017-11-08 16:55:31 INFO  FAQPage:57 - [[FirefoxDriver: firefox on WINDOWS (608ff550-2f6a-41da-8b73-74b68fbb4466)] -> xpath: //ul[@class='sidebar-menu']/li]
2017-11-08 16:55:33 INFO  FAQPage:65 - third
2017-11-08 16:55:33 INFO  FAQPage:56 - How much does it cost?
2017-11-08 16:55:33 INFO  FAQPage:57 - [[FirefoxDriver: firefox on WINDOWS (608ff550-2f6a-41da-8b73-74b68fbb4466)] -> xpath: //ul[@class='sidebar-menu']/li]
2017-11-08 16:55:36 INFO  FAQPage:65 - third
2017-11-08 16:55:36 INFO  FAQPage:56 - Is it secure?
2017-11-08 16:55:36 INFO  FAQPage:57 - [[FirefoxDriver: firefox on WINDOWS (608ff550-2f6a-41da-8b73-74b68fbb4466)] -> xpath: //ul[@class='sidebar-menu']/li]
2017-11-08 16:55:38 INFO  FAQPage:65 - third
2017-11-08 16:55:38 INFO  FAQPage:56 - What is your data retention policy?
2017-11-08 16:55:38 INFO  FAQPage:57 - [[FirefoxDriver: firefox on WINDOWS (608ff550-2f6a-41da-8b73-74b68fbb4466)] -> xpath: //ul[@class='sidebar-menu']/li]
2017-11-08 16:55:41 INFO  FAQPage:65 - third
2017-11-08 16:55:41 INFO  FAQPage:56 - Where do I get started?
2017-11-08 16:55:41 INFO  FAQPage:57 - [[FirefoxDriver: firefox on WINDOWS (608ff550-2f6a-41da-8b73-74b68fbb4466)] -> xpath: //ul[@class='sidebar-menu']/li]
2017-11-08 16:55:43 INFO  FAQPage:65 - third
2017-11-08 16:55:43 INFO  FAQPage:56 - How do I request support?
2017-11-08 16:55:43 INFO  FAQPage:57 - [[FirefoxDriver: firefox on WINDOWS (608ff550-2f6a-41da-8b73-74b68fbb4466)] -> xpath: //ul[@class='sidebar-menu']/li]
2017-11-08 16:55:46 INFO  FAQPage:65 - third
2017-11-08 16:55:46 INFO  FAQPage:73 - pass
2017-11-08 16:56:08 INFO  Tc_07Profile:30 - name.....raghu
2017-11-08 16:56:09 INFO  HomePage:45 - Clicking the HomePage links ......
2017-11-08 16:56:46 INFO  Dashboardpage:102 -  Today TOTAL TRANSACTIONS....4
2017-11-08 16:56:50 INFO  Dashboardpage:124 - Today Total  Table  TRANSACTIONS....4
2017-11-08 16:56:50 INFO  Dashboardpage:130 - Today Total TOTAL TRANSACTIONS  Should Match 
2017-11-08 16:56:58 INFO  Dashboardpage:159 - Last seven days  TOTAL TRANSACTIONS....42
2017-11-08 16:57:03 INFO  Dashboardpage:181 - Last seven days  Total  Table  TRANSACTIONS....42
2017-11-08 16:57:03 INFO  Dashboardpage:187 - Last seven days  TOTAL TRANSACTIONS  Should Match 
2017-11-08 16:57:11 INFO  Dashboardpage:209 - This month  TOTAL TRANSACTIONS....45
2017-11-08 16:57:15 INFO  Dashboardpage:230 - This month  Total  Table  TRANSACTIONS....45
2017-11-08 16:57:15 INFO  Dashboardpage:237 - This month TOTAL TRANSACTIONS  Should Match 
2017-11-08 16:57:24 INFO  Dashboardpage:259 - Last Six Months TOTAL TRANSACTIONS....921
2017-11-08 16:57:28 INFO  Dashboardpage:281 - Last Six Month  Total  Table  TRANSACTIONS....921
2017-11-08 16:57:28 INFO  Dashboardpage:288 - Last Six Month  Total  Table  TRANSACTIONS  Should Match 
2017-11-08 16:57:37 INFO  Dashboardpage:317 - One Year TOTAL TRANSACTIONS....1,716
2017-11-08 16:57:41 INFO  Dashboardpage:339 - One Year  Total  Table  TRANSACTIONS....1,716
2017-11-08 16:57:41 INFO  Dashboardpage:346 - One Year  Total  Table  TRANSACTIONS Should Match 
2017-11-08 16:57:41 INFO  Tc_09Dashboarddatepicker:35 -  selecting Total Trancations SucessFully  
2017-11-11 11:58:51 INFO  FilteringAPIs:71 - Pass
2017-11-11 13:03:21 INFO  FilteringAPIs:71 - Pass
2017-11-11 13:16:08 INFO  FilteringAPIs:71 - Pass
2017-11-13 16:37:51 INFO  APPPage:613 - pass
2017-11-13 16:50:59 INFO  APPPage:613 - pass
2017-11-13 16:52:12 INFO  Tc_07Profile:30 - name.....raghu
2017-11-13 17:01:46 INFO  ZProfile:30 - name.....raghu
2017-11-13 17:02:37 INFO  ZProfile:30 - name.....raghu
2017-11-13 18:06:56 INFO  APPPage:613 - pass
2017-11-17 14:57:32 INFO  APPPage:613 - pass
2017-12-15 00:33:53 INFO  HomePage:45 - Clicking the HomePage links ......
